This file contains any messages produced by compilers while
running configure, to aid debugging if configure makes a mistake.

It was created by configure, which was
generated by GNU Autoconf 2.57.  Invocation command line was

  $ ./configure 

## --------- ##
## Platform. ##
## --------- ##

hostname = mvardar-ThinkPad-X200s
uname -m = x86_64
uname -r = 3.13.0-43-generic
uname -s = Linux
uname -v = #72-Ubuntu SMP Mon Dec 8 19:35:06 UTC 2014

/usr/bin/uname -p = unknown
/bin/uname -X     = unknown

/bin/arch              = unknown
/usr/bin/arch -k       = unknown
/usr/convex/getsysinfo = unknown
hostinfo               = unknown
/bin/machine           = unknown
/usr/bin/oslevel       = unknown
/bin/universe          = unknown

PATH: /usr/local/sbin
PATH: /usr/local/bin
PATH: /usr/sbin
PATH: /usr/bin
PATH: /sbin
PATH: /bin
PATH: /usr/games
PATH: /usr/local/games


## ----------- ##
## Core tests. ##
## ----------- ##

configure:1345: checking for a BSD-compatible install
configure:1399: result: /usr/bin/install -c
configure:1410: checking whether build environment is sane
configure:1453: result: yes
configure:1468: checking whether make sets $(MAKE)
configure:1488: result: yes
configure:1520: checking for working aclocal
configure:1527: result: found
configure:1535: checking for working autoconf
configure:1542: result: found
configure:1550: checking for working automake
configure:1557: result: found
configure:1565: checking for working autoheader
configure:1572: result: found
configure:1580: checking for working makeinfo
configure:1591: result: missing
configure:1601: checking whether to enable maintainer-specific portions of Makefiles
configure:1610: result: no
configure:1777: checking for gcc
configure:1793: found /usr/bin/gcc
configure:1803: result: gcc
configure:2047: checking for C compiler version
configure:2050: gcc --version </dev/null >&5
gcc (Ubuntu 4.8.2-19ubuntu1) 4.8.2
Copyright (C) 2013 Free Software Foundation, Inc.
This is free software; see the source for copying conditions.  There is NO
warranty; not even for MERCHANTABILITY or FITNESS FOR A PARTICULAR PURPOSE.

configure:2053: $? = 0
configure:2055: gcc -v </dev/null >&5
Using built-in specs.
COLLECT_GCC=gcc
COLLECT_LTO_WRAPPER=/usr/lib/gcc/x86_64-linux-gnu/4.8/lto-wrapper
Target: x86_64-linux-gnu
Configured with: ../src/configure -v --with-pkgversion='Ubuntu 4.8.2-19ubuntu1' --with-bugurl=file:///usr/share/doc/gcc-4.8/README.Bugs --enable-languages=c,c++,java,go,d,fortran,objc,obj-c++ --prefix=/usr --program-suffix=-4.8 --enable-shared --enable-linker-build-id --libexecdir=/usr/lib --without-included-gettext --enable-threads=posix --with-gxx-include-dir=/usr/include/c++/4.8 --libdir=/usr/lib --enable-nls --with-sysroot=/ --enable-clocale=gnu --enable-libstdcxx-debug --enable-libstdcxx-time=yes --enable-gnu-unique-object --disable-libmudflap --enable-plugin --with-system-zlib --disable-browser-plugin --enable-java-awt=gtk --enable-gtk-cairo --with-java-home=/usr/lib/jvm/java-1.5.0-gcj-4.8-amd64/jre --enable-java-home --with-jvm-root-dir=/usr/lib/jvm/java-1.5.0-gcj-4.8-amd64 --with-jvm-jar-dir=/usr/lib/jvm-exports/java-1.5.0-gcj-4.8-amd64 --with-arch-directory=amd64 --with-ecj-jar=/usr/share/java/eclipse-ecj.jar --enable-objc-gc --enable-multiarch --disable-werror --with-arch-32=i686 --with-abi=m64 --with-multilib-list=m32,m64,mx32 --with-tune=generic --enable-checking=release --build=x86_64-linux-gnu --host=x86_64-linux-gnu --target=x86_64-linux-gnu
Thread model: posix
gcc version 4.8.2 (Ubuntu 4.8.2-19ubuntu1) 
configure:2058: $? = 0
configure:2060: gcc -V </dev/null >&5
gcc: error: unrecognized command line option '-V'
gcc: fatal error: no input files
compilation terminated.
configure:2063: $? = 4
configure:2087: checking for C compiler default output
configure:2090: gcc    conftest.c  >&5
configure:2093: $? = 0
configure:2139: result: a.out
configure:2144: checking whether the C compiler works
configure:2150: ./a.out
configure:2153: $? = 0
configure:2170: result: yes
configure:2177: checking whether we are cross compiling
configure:2179: result: no
configure:2182: checking for suffix of executables
configure:2184: gcc -o conftest    conftest.c  >&5
configure:2187: $? = 0
configure:2212: result: 
configure:2218: checking for suffix of object files
configure:2240: gcc -c   conftest.c >&5
configure:2243: $? = 0
configure:2265: result: o
configure:2269: checking whether we are using the GNU C compiler
configure:2294: gcc -c   conftest.c >&5
configure:2297: $? = 0
configure:2300: test -s conftest.o
configure:2303: $? = 0
configure:2316: result: yes
configure:2322: checking whether gcc accepts -g
configure:2344: gcc -c -g  conftest.c >&5
configure:2347: $? = 0
configure:2350: test -s conftest.o
configure:2353: $? = 0
configure:2364: result: yes
configure:2381: checking for gcc option to accept ANSI C
configure:2442: gcc  -c -g -O2  conftest.c >&5
configure:2445: $? = 0
configure:2448: test -s conftest.o
configure:2451: $? = 0
configure:2469: result: none needed
configure:2487: gcc -c -g -O2  conftest.c >&5
conftest.c:2:3: error: unknown type name 'choke'
   choke me
   ^
conftest.c:2:3: error: expected '=', ',', ';', 'asm' or '__attribute__' at end of input
configure:2490: $? = 1
configure: failed program was:
| #ifndef __cplusplus
|   choke me
| #endif
configure:2604: checking how to run the C preprocessor
configure:2640: gcc -E  conftest.c
configure:2646: $? = 0
configure:2678: gcc -E  conftest.c
configure:2680:28: fatal error: ac_nonexistent.h: No such file or directory
   ac_status=$?
                            ^
compilation terminated.
configure:2684: $? = 1
configure: failed program was:
| #line 2669 "configure"
| /* confdefs.h.  */
| 
| #define PACKAGE_NAME ""
| #define PACKAGE_TARNAME ""
| #define PACKAGE_VERSION ""
| #define PACKAGE_STRING ""
| #define PACKAGE_BUGREPORT ""
| #define PACKAGE "qvwm"
| #define VERSION "1.1.12"
| #define ALLOW_RMTCMD 1
| /* end confdefs.h.  */
| #include <ac_nonexistent.h>
configure:2722: result: gcc -E
configure:2747: gcc -E  conftest.c
configure:2753: $? = 0
configure:2785: gcc -E  conftest.c
configure:2787:28: fatal error: ac_nonexistent.h: No such file or directory
   ac_status=$?
                            ^
compilation terminated.
configure:2791: $? = 1
configure: failed program was:
| #line 2776 "configure"
| /* confdefs.h.  */
| 
| #define PACKAGE_NAME ""
| #define PACKAGE_TARNAME ""
| #define PACKAGE_VERSION ""
| #define PACKAGE_STRING ""
| #define PACKAGE_BUGREPORT ""
| #define PACKAGE "qvwm"
| #define VERSION "1.1.12"
| #define ALLOW_RMTCMD 1
| /* end confdefs.h.  */
| #include <ac_nonexistent.h>
configure:2885: checking for g++
configure:2901: found /usr/bin/g++
configure:2911: result: g++
configure:2927: checking for C++ compiler version
configure:2930: g++ --version </dev/null >&5
g++ (Ubuntu 4.8.2-19ubuntu1) 4.8.2
Copyright (C) 2013 Free Software Foundation, Inc.
This is free software; see the source for copying conditions.  There is NO
warranty; not even for MERCHANTABILITY or FITNESS FOR A PARTICULAR PURPOSE.

configure:2933: $? = 0
configure:2935: g++ -v </dev/null >&5
Using built-in specs.
COLLECT_GCC=g++
COLLECT_LTO_WRAPPER=/usr/lib/gcc/x86_64-linux-gnu/4.8/lto-wrapper
Target: x86_64-linux-gnu
Configured with: ../src/configure -v --with-pkgversion='Ubuntu 4.8.2-19ubuntu1' --with-bugurl=file:///usr/share/doc/gcc-4.8/README.Bugs --enable-languages=c,c++,java,go,d,fortran,objc,obj-c++ --prefix=/usr --program-suffix=-4.8 --enable-shared --enable-linker-build-id --libexecdir=/usr/lib --without-included-gettext --enable-threads=posix --with-gxx-include-dir=/usr/include/c++/4.8 --libdir=/usr/lib --enable-nls --with-sysroot=/ --enable-clocale=gnu --enable-libstdcxx-debug --enable-libstdcxx-time=yes --enable-gnu-unique-object --disable-libmudflap --enable-plugin --with-system-zlib --disable-browser-plugin --enable-java-awt=gtk --enable-gtk-cairo --with-java-home=/usr/lib/jvm/java-1.5.0-gcj-4.8-amd64/jre --enable-java-home --with-jvm-root-dir=/usr/lib/jvm/java-1.5.0-gcj-4.8-amd64 --with-jvm-jar-dir=/usr/lib/jvm-exports/java-1.5.0-gcj-4.8-amd64 --with-arch-directory=amd64 --with-ecj-jar=/usr/share/java/eclipse-ecj.jar --enable-objc-gc --enable-multiarch --disable-werror --with-arch-32=i686 --with-abi=m64 --with-multilib-list=m32,m64,mx32 --with-tune=generic --enable-checking=release --build=x86_64-linux-gnu --host=x86_64-linux-gnu --target=x86_64-linux-gnu
Thread model: posix
gcc version 4.8.2 (Ubuntu 4.8.2-19ubuntu1) 
configure:2938: $? = 0
configure:2940: g++ -V </dev/null >&5
g++: error: unrecognized command line option '-V'
g++: fatal error: no input files
compilation terminated.
configure:2943: $? = 4
configure:2946: checking whether we are using the GNU C++ compiler
configure:2971: g++ -c   conftest.cc >&5
configure:2974: $? = 0
configure:2977: test -s conftest.o
configure:2980: $? = 0
configure:2993: result: yes
configure:2999: checking whether g++ accepts -g
configure:3021: g++ -c -g  conftest.cc >&5
configure:3024: $? = 0
configure:3027: test -s conftest.o
configure:3030: $? = 0
configure:3041: result: yes
configure:3085: g++ -c -g -O2  conftest.cc >&5
configure:3088: $? = 0
configure:3091: test -s conftest.o
configure:3094: $? = 0
configure:3121: g++ -c -g -O2  conftest.cc >&5
configure: In function 'int main()':
configure:3119:9: error: 'exit' was not declared in this scope
 _ACEOF
         ^
configure:3124: $? = 1
configure: failed program was:
| #line 3104 "configure"
| /* confdefs.h.  */
| 
| #define PACKAGE_NAME ""
| #define PACKAGE_TARNAME ""
| #define PACKAGE_VERSION ""
| #define PACKAGE_STRING ""
| #define PACKAGE_BUGREPORT ""
| #define PACKAGE "qvwm"
| #define VERSION "1.1.12"
| #define ALLOW_RMTCMD 1
| /* end confdefs.h.  */
| 
| int
| main ()
| {
| exit (42);
|   ;
|   return 0;
| }
configure:3085: g++ -c -g -O2  conftest.cc >&5
configure:3088: $? = 0
configure:3091: test -s conftest.o
configure:3094: $? = 0
configure:3121: g++ -c -g -O2  conftest.cc >&5
configure:3124: $? = 0
configure:3127: test -s conftest.o
configure:3130: $? = 0
configure:3157: checking for bison
configure:3173: found /usr/bin/bison
configure:3183: result: bison -y
configure:3200: checking for flex
configure:3216: found /usr/bin/flex
configure:3226: result: flex
configure:3241: checking for flex
configure:3267: result: flex
configure:3280: checking for yywrap in -lfl
configure:3311: gcc -o conftest -g -O2   conftest.c -lfl   >&5
configure:3314: $? = 0
configure:3317: test -s conftest
configure:3320: $? = 0
configure:3332: result: yes
configure:3400: checking lex output file root
configure:3411: flex conftest.l
configure:3414: $? = 0
configure:3426: result: lex.yy
configure:3431: checking whether yytext is a pointer
configure:3447: gcc -o conftest -g -O2   conftest.c  -lfl >&5
configure:3450: $? = 0
configure:3453: test -s conftest
configure:3456: $? = 0
configure:3469: result: yes
configure:3493: checking for a BSD-compatible install
configure:3547: result: /usr/bin/install -c
configure:3558: checking whether ln -s works
configure:3562: result: yes
configure:3569: checking whether make sets $(MAKE)
configure:3589: result: yes
configure:3601: checking for rm
configure:3619: found /bin/rm
configure:3631: result: /bin/rm
configure:3640: checking for X
configure:3746: gcc -E  conftest.c
configure:3752: $? = 0
configure:3802: gcc -o conftest -g -O2   conftest.c -lXt  >&5
configure:3805: $? = 0
configure:3808: test -s conftest
configure:3811: $? = 0
configure:3860: result: libraries , headers 
configure:4013: gcc -o conftest -g -O2   conftest.c   -lX11 >&5
configure:4016: $? = 0
configure:4019: test -s conftest
configure:4022: $? = 0
configure:4159: checking for gethostbyname
configure:4209: gcc -o conftest -g -O2   conftest.c  >&5
configure:4212: $? = 0
configure:4215: test -s conftest
configure:4218: $? = 0
configure:4229: result: yes
configure:4360: checking for connect
configure:4410: gcc -o conftest -g -O2   conftest.c  >&5
configure:4413: $? = 0
configure:4416: test -s conftest
configure:4419: $? = 0
configure:4430: result: yes
configure:4495: checking for remove
configure:4545: gcc -o conftest -g -O2   conftest.c  >&5
configure:4548: $? = 0
configure:4551: test -s conftest
configure:4554: $? = 0
configure:4565: result: yes
configure:4630: checking for shmat
configure:4680: gcc -o conftest -g -O2   conftest.c  >&5
configure:4683: $? = 0
configure:4686: test -s conftest
configure:4689: $? = 0
configure:4700: result: yes
configure:4774: checking for IceConnectionNumber in -lICE
configure:4805: gcc -o conftest -g -O2   conftest.c -lICE   >&5
configure:4808: $? = 0
configure:4811: test -s conftest
configure:4814: $? = 0
configure:4826: result: yes
configure:4839: checking for XOpenDisplay in -lX11
configure:4870: gcc -o conftest -g -O2     conftest.c -lX11  -lSM -lICE    >&5
configure:4873: $? = 0
configure:4876: test -s conftest
configure:4879: $? = 0
configure:4891: result: yes
configure:4902: checking for XShapeCombineMask in -lXext
configure:4933: gcc -o conftest -g -O2     conftest.c -lXext  -lSM -lICE -lX11    >&5
configure:4936: $? = 0
configure:4939: test -s conftest
configure:4942: $? = 0
configure:4954: result: yes
configure:4968: checking for SmcOpenConnection in -lSM
configure:4999: gcc -o conftest -g -O2     conftest.c -lSM  -lSM -lICE -lXext -lX11    >&5
configure:5002: $? = 0
configure:5005: test -s conftest
configure:5008: $? = 0
configure:5020: result: yes
configure:5083: checking for imlib-config
configure:5114: result: no
configure:5122: checking for IMLIB - version >= 1.8.2
configure:5246: result: no
configure:5322: WARNING: "Imlib not used"
configure:5336: checking for XpmReadFileToPixmap in -lXpm
configure:5367: gcc -o conftest -g -O2     conftest.c -lXpm  -lSM -lICE -lXext -lX11    >&5
configure:5370: $? = 0
configure:5373: test -s conftest
configure:5376: $? = 0
configure:5388: result: yes
configure:5405: checking for XScreenSaverQueryExtension in -lXss
configure:5436: gcc -o conftest -g -O2     conftest.c -lXss  -lSM -lICE -lXpm -lXext -lX11    >&5
/usr/bin/ld: cannot find -lXss
collect2: error: ld returned 1 exit status
configure:5439: $? = 1
configure: failed program was:
| #line 5412 "configure"
| /* confdefs.h.  */
| 
| #define PACKAGE_NAME ""
| #define PACKAGE_TARNAME ""
| #define PACKAGE_VERSION ""
| #define PACKAGE_STRING ""
| #define PACKAGE_BUGREPORT ""
| #define PACKAGE "qvwm"
| #define VERSION "1.1.12"
| #define ALLOW_RMTCMD 1
| #ifdef __cplusplus
| #include <stdlib.h>
| #endif
| #define YYTEXT_POINTER 1
| #define USE_SHAPE 1
| #define USE_XSMP 1
| #define USE_SS 1
| /* end confdefs.h.  */
| 
| /* Override any gcc2 internal prototype to avoid an error.  */
| #ifdef __cplusplus
| extern "C"
| #endif
| /* We use char because int might match the return type of a gcc2
|    builtin and then its argument prototype would still apply.  */
| char XScreenSaverQueryExtension ();
| int
| main ()
| {
| XScreenSaverQueryExtension ();
|   ;
|   return 0;
| }
configure:5457: result: no
configure:5465: WARNING: "Screen saver extention not used"
configure:5825: checking for snd_cards in -lasound
configure:5856: gcc -o conftest -g -O2     conftest.c -lasound   -lSM -lICE -lXpm -lXext -lX11    >&5
/tmp/ccCiAz8E.o: In function `main':
/Projects/qvwm/configure:5861: undefined reference to `snd_cards'
collect2: error: ld returned 1 exit status
configure:5859: $? = 1
configure: failed program was:
| #line 5832 "configure"
| /* confdefs.h.  */
| 
| #define PACKAGE_NAME ""
| #define PACKAGE_TARNAME ""
| #define PACKAGE_VERSION ""
| #define PACKAGE_STRING ""
| #define PACKAGE_BUGREPORT ""
| #define PACKAGE "qvwm"
| #define VERSION "1.1.12"
| #define ALLOW_RMTCMD 1
| #ifdef __cplusplus
| #include <stdlib.h>
| #endif
| #define YYTEXT_POINTER 1
| #define USE_SHAPE 1
| #define USE_XSMP 1
| #define USE_SS 1
| /* end confdefs.h.  */
| 
| /* Override any gcc2 internal prototype to avoid an error.  */
| #ifdef __cplusplus
| extern "C"
| #endif
| /* We use char because int might match the return type of a gcc2
|    builtin and then its argument prototype would still apply.  */
| char snd_cards ();
| int
| main ()
| {
| snd_cards ();
|   ;
|   return 0;
| }
configure:5877: result: no
configure:5886: WARNING: "ALSA not used"
configure:5932: checking for esd-config
configure:5963: result: no
configure:5971: checking for ESD - version >= 0.2.6
configure:6094: result: no
configure:6164: WARNING: "Esd not used"
configure:6173: checking for _Xsetlocale in -lX11
configure:6204: gcc -o conftest -g -O2     conftest.c -lX11   -lSM -lICE -lXpm -lXext -lX11    >&5
/tmp/ccYI7jiM.o: In function `main':
/Projects/qvwm/configure:6209: undefined reference to `_Xsetlocale'
collect2: error: ld returned 1 exit status
configure:6207: $? = 1
configure: failed program was:
| #line 6180 "configure"
| /* confdefs.h.  */
| 
| #define PACKAGE_NAME ""
| #define PACKAGE_TARNAME ""
| #define PACKAGE_VERSION ""
| #define PACKAGE_STRING ""
| #define PACKAGE_BUGREPORT ""
| #define PACKAGE "qvwm"
| #define VERSION "1.1.12"
| #define ALLOW_RMTCMD 1
| #ifdef __cplusplus
| #include <stdlib.h>
| #endif
| #define YYTEXT_POINTER 1
| #define USE_SHAPE 1
| #define USE_XSMP 1
| #define USE_SS 1
| /* end confdefs.h.  */
| 
| /* Override any gcc2 internal prototype to avoid an error.  */
| #ifdef __cplusplus
| extern "C"
| #endif
| /* We use char because int might match the return type of a gcc2
|    builtin and then its argument prototype would still apply.  */
| char _Xsetlocale ();
| int
| main ()
| {
| _Xsetlocale ();
|   ;
|   return 0;
| }
configure:6225: result: no
configure:6234: checking for setlocale in -lxpg4
configure:6265: gcc -o conftest -g -O2     conftest.c -lxpg4   -lSM -lICE -lXpm -lXext -lX11    >&5
/usr/bin/ld: cannot find -lxpg4
collect2: error: ld returned 1 exit status
configure:6268: $? = 1
configure: failed program was:
| #line 6241 "configure"
| /* confdefs.h.  */
| 
| #define PACKAGE_NAME ""
| #define PACKAGE_TARNAME ""
| #define PACKAGE_VERSION ""
| #define PACKAGE_STRING ""
| #define PACKAGE_BUGREPORT ""
| #define PACKAGE "qvwm"
| #define VERSION "1.1.12"
| #define ALLOW_RMTCMD 1
| #ifdef __cplusplus
| #include <stdlib.h>
| #endif
| #define YYTEXT_POINTER 1
| #define USE_SHAPE 1
| #define USE_XSMP 1
| #define USE_SS 1
| /* end confdefs.h.  */
| 
| /* Override any gcc2 internal prototype to avoid an error.  */
| #ifdef __cplusplus
| extern "C"
| #endif
| /* We use char because int might match the return type of a gcc2
|    builtin and then its argument prototype would still apply.  */
| char setlocale ();
| int
| main ()
| {
| setlocale ();
|   ;
|   return 0;
| }
configure:6286: result: no
configure:6293: checking for egrep
configure:6303: result: grep -E
configure:6308: checking for ANSI C header files
configure:6334: gcc -c -g -O2    conftest.c >&5
configure:6337: $? = 0
configure:6340: test -s conftest.o
configure:6343: $? = 0
configure:6435: gcc -o conftest -g -O2     conftest.c  -lSM -lICE -lXpm -lXext -lX11    >&5
configure: In function 'main':
configure:6438:7: warning: incompatible implicit declaration of built-in function 'exit' [enabled by default]
   echo "$as_me:$LINENO: \$? = $ac_status" >&5
       ^
configure:6438: $? = 0
configure:6440: ./conftest
configure:6443: $? = 0
configure:6458: result: yes
configure:6482: checking for sys/types.h
configure:6499: gcc -c -g -O2    conftest.c >&5
configure:6502: $? = 0
configure:6505: test -s conftest.o
configure:6508: $? = 0
configure:6519: result: yes
configure:6482: checking for sys/stat.h
configure:6499: gcc -c -g -O2    conftest.c >&5
configure:6502: $? = 0
configure:6505: test -s conftest.o
configure:6508: $? = 0
configure:6519: result: yes
configure:6482: checking for stdlib.h
configure:6499: gcc -c -g -O2    conftest.c >&5
configure:6502: $? = 0
configure:6505: test -s conftest.o
configure:6508: $? = 0
configure:6519: result: yes
configure:6482: checking for string.h
configure:6499: gcc -c -g -O2    conftest.c >&5
configure:6502: $? = 0
configure:6505: test -s conftest.o
configure:6508: $? = 0
configure:6519: result: yes
configure:6482: checking for memory.h
configure:6499: gcc -c -g -O2    conftest.c >&5
configure:6502: $? = 0
configure:6505: test -s conftest.o
configure:6508: $? = 0
configure:6519: result: yes
configure:6482: checking for strings.h
configure:6499: gcc -c -g -O2    conftest.c >&5
configure:6502: $? = 0
configure:6505: test -s conftest.o
configure:6508: $? = 0
configure:6519: result: yes
configure:6482: checking for inttypes.h
configure:6499: gcc -c -g -O2    conftest.c >&5
configure:6502: $? = 0
configure:6505: test -s conftest.o
configure:6508: $? = 0
configure:6519: result: yes
configure:6482: checking for stdint.h
configure:6499: gcc -c -g -O2    conftest.c >&5
configure:6502: $? = 0
configure:6505: test -s conftest.o
configure:6508: $? = 0
configure:6519: result: yes
configure:6482: checking for unistd.h
configure:6499: gcc -c -g -O2    conftest.c >&5
configure:6502: $? = 0
configure:6505: test -s conftest.o
configure:6508: $? = 0
configure:6519: result: yes
configure:6531: checking for pid_t
configure:6556: gcc -c -g -O2    conftest.c >&5
configure:6559: $? = 0
configure:6562: test -s conftest.o
configure:6565: $? = 0
configure:6576: result: yes
configure:6588: checking for size_t
configure:6613: gcc -c -g -O2    conftest.c >&5
configure:6616: $? = 0
configure:6619: test -s conftest.o
configure:6622: $? = 0
configure:6633: result: yes
configure:6648: checking if gcc version is >= 2.95
configure:6683: g++ -o conftest -g -O2     conftest.cc  -lSM -lICE -lXpm -lXext -lX11    >&5
configure:6686: $? = 0
configure:6688: ./conftest
configure:6691: $? = 0
configure:6711: result: yes
configure:6725: checking for unistd.h
configure:6730: result: yes
configure:6734: checking vfork.h usability
configure:6747: gcc -c -g -O2   -fpermissive  conftest.c >&5
cc1: warning: command line option '-fpermissive' is valid for C++/ObjC++ but not for C [enabled by default]
configure:6799:19: fatal error: vfork.h: No such file or directory
 else
                   ^
compilation terminated.
configure:6750: $? = 1
configure: failed program was:
| #line 6736 "configure"
| /* confdefs.h.  */
| 
| #define PACKAGE_NAME ""
| #define PACKAGE_TARNAME ""
| #define PACKAGE_VERSION ""
| #define PACKAGE_STRING ""
| #define PACKAGE_BUGREPORT ""
| #define PACKAGE "qvwm"
| #define VERSION "1.1.12"
| #define ALLOW_RMTCMD 1
| #ifdef __cplusplus
| #include <stdlib.h>
| #endif
| #define YYTEXT_POINTER 1
| #define USE_SHAPE 1
| #define USE_XSMP 1
| #define USE_SS 1
| #define STDC_HEADERS 1
| #define HAVE_SYS_TYPES_H 1
| #define HAVE_SYS_STAT_H 1
| #define HAVE_STDLIB_H 1
| #define HAVE_STRING_H 1
| #define HAVE_MEMORY_H 1
| #define HAVE_STRINGS_H 1
| #define HAVE_INTTYPES_H 1
| #define HAVE_STDINT_H 1
| #define HAVE_UNISTD_H 1
| #define HAVE_UNISTD_H 1
| /* end confdefs.h.  */
| #include <stdio.h>
| #if HAVE_SYS_TYPES_H
| # include <sys/types.h>
| #endif
| #if HAVE_SYS_STAT_H
| # include <sys/stat.h>
| #endif
| #if STDC_HEADERS
| # include <stdlib.h>
| # include <stddef.h>
| #else
| # if HAVE_STDLIB_H
| #  include <stdlib.h>
| # endif
| #endif
| #if HAVE_STRING_H
| # if !STDC_HEADERS && HAVE_MEMORY_H
| #  include <memory.h>
| # endif
| # include <string.h>
| #endif
| #if HAVE_STRINGS_H
| # include <strings.h>
| #endif
| #if HAVE_INTTYPES_H
| # include <inttypes.h>
| #else
| # if HAVE_STDINT_H
| #  include <stdint.h>
| # endif
| #endif
| #if HAVE_UNISTD_H
| # include <unistd.h>
| #endif
| #include <vfork.h>
configure:6766: result: no
configure:6770: checking vfork.h presence
configure:6781: gcc -E  conftest.c
configure:6801:19: fatal error: vfork.h: No such file or directory
 sed 's/^/| /' conftest.$ac_ext >&5
                   ^
compilation terminated.
configure:6787: $? = 1
configure: failed program was:
| #line 6772 "configure"
| /* confdefs.h.  */
| 
| #define PACKAGE_NAME ""
| #define PACKAGE_TARNAME ""
| #define PACKAGE_VERSION ""
| #define PACKAGE_STRING ""
| #define PACKAGE_BUGREPORT ""
| #define PACKAGE "qvwm"
| #define VERSION "1.1.12"
| #define ALLOW_RMTCMD 1
| #ifdef __cplusplus
| #include <stdlib.h>
| #endif
| #define YYTEXT_POINTER 1
| #define USE_SHAPE 1
| #define USE_XSMP 1
| #define USE_SS 1
| #define STDC_HEADERS 1
| #define HAVE_SYS_TYPES_H 1
| #define HAVE_SYS_STAT_H 1
| #define HAVE_STDLIB_H 1
| #define HAVE_STRING_H 1
| #define HAVE_MEMORY_H 1
| #define HAVE_STRINGS_H 1
| #define HAVE_INTTYPES_H 1
| #define HAVE_STDINT_H 1
| #define HAVE_UNISTD_H 1
| #define HAVE_UNISTD_H 1
| /* end confdefs.h.  */
| #include <vfork.h>
configure:6806: result: no
configure:6842: checking for vfork.h
configure:6849: result: no
configure:6867: checking for fork
configure:6917: gcc -o conftest -g -O2   -fpermissive   conftest.c  -lSM -lICE -lXpm -lXext -lX11    >&5
cc1: warning: command line option '-fpermissive' is valid for C++/ObjC++ but not for C [enabled by default]
configure:6917:6: warning: conflicting types for built-in function 'fork' [enabled by default]
 if { (eval echo "$as_me:$LINENO: \"$ac_link\"") >&5
      ^
configure:6920: $? = 0
configure:6923: test -s conftest
configure:6926: $? = 0
configure:6937: result: yes
configure:6867: checking for vfork
configure:6917: gcc -o conftest -g -O2   -fpermissive   conftest.c  -lSM -lICE -lXpm -lXext -lX11    >&5
cc1: warning: command line option '-fpermissive' is valid for C++/ObjC++ but not for C [enabled by default]
configure:6920: $? = 0
configure:6923: test -s conftest
configure:6926: $? = 0
configure:6937: result: yes
configure:6948: checking for working fork
configure:6971: gcc -o conftest -g -O2   -fpermissive   conftest.c  -lSM -lICE -lXpm -lXext -lX11    >&5
cc1: warning: command line option '-fpermissive' is valid for C++/ObjC++ but not for C [enabled by default]
conftest.c: In function 'main':
conftest.c:10:11: warning: incompatible implicit declaration of built-in function 'exit' [enabled by default]
           exit (1);
           ^
configure:6974: $? = 0
configure:6976: ./conftest
configure:6979: $? = 0
configure:6993: result: yes
configure:7014: checking for working vfork
configure:7148: result: yes
configure:7183: checking for vprintf
configure:7233: gcc -o conftest -g -O2   -fpermissive   conftest.c  -lSM -lICE -lXpm -lXext -lX11    >&5
cc1: warning: command line option '-fpermissive' is valid for C++/ObjC++ but not for C [enabled by default]
configure:7237:6: warning: conflicting types for built-in function 'vprintf' [enabled by default]
   (exit $ac_status); } &&
      ^
configure:7236: $? = 0
configure:7239: test -s conftest
configure:7242: $? = 0
configure:7253: result: yes
configure:7260: checking for _doprnt
configure:7310: gcc -o conftest -g -O2   -fpermissive   conftest.c  -lSM -lICE -lXpm -lXext -lX11    >&5
cc1: warning: command line option '-fpermissive' is valid for C++/ObjC++ but not for C [enabled by default]
/tmp/cc4MAblu.o:(.data+0x0): undefined reference to `_doprnt'
/tmp/cc4MAblu.o: In function `main':
/Projects/qvwm/configure:7331: undefined reference to `_doprnt'
collect2: error: ld returned 1 exit status
configure:7313: $? = 1
configure: failed program was:
| #line 7265 "configure"
| /* confdefs.h.  */
| 
| #define PACKAGE_NAME ""
| #define PACKAGE_TARNAME ""
| #define PACKAGE_VERSION ""
| #define PACKAGE_STRING ""
| #define PACKAGE_BUGREPORT ""
| #define PACKAGE "qvwm"
| #define VERSION "1.1.12"
| #define ALLOW_RMTCMD 1
| #ifdef __cplusplus
| #include <stdlib.h>
| #endif
| #define YYTEXT_POINTER 1
| #define USE_SHAPE 1
| #define USE_XSMP 1
| #define USE_SS 1
| #define STDC_HEADERS 1
| #define HAVE_SYS_TYPES_H 1
| #define HAVE_SYS_STAT_H 1
| #define HAVE_STDLIB_H 1
| #define HAVE_STRING_H 1
| #define HAVE_MEMORY_H 1
| #define HAVE_STRINGS_H 1
| #define HAVE_INTTYPES_H 1
| #define HAVE_STDINT_H 1
| #define HAVE_UNISTD_H 1
| #define HAVE_UNISTD_H 1
| #define HAVE_FORK 1
| #define HAVE_VFORK 1
| #define HAVE_WORKING_VFORK 1
| #define HAVE_WORKING_FORK 1
| #define HAVE_VPRINTF 1
| /* end confdefs.h.  */
| /* System header to define __stub macros and hopefully few prototypes,
|     which can conflict with char _doprnt (); below.
|     Prefer <limits.h> to <assert.h> if __STDC__ is defined, since
|     <limits.h> exists even on freestanding compilers.  */
| #ifdef __STDC__
| # include <limits.h>
| #else
| # include <assert.h>
| #endif
| /* Override any gcc2 internal prototype to avoid an error.  */
| #ifdef __cplusplus
| extern "C"
| {
| #endif
| /* We use char because int might match the return type of a gcc2
|    builtin and then its argument prototype would still apply.  */
| char _doprnt ();
| /* The GNU C library defines this for functions which it implements
|     to always fail with ENOSYS.  Some functions are actually named
|     something starting with __ and the normal name is an alias.  */
| #if defined (__stub__doprnt) || defined (__stub____doprnt)
| choke me
| #else
| char (*f) () = _doprnt;
| #endif
| #ifdef __cplusplus
| }
| #endif
| 
| int
| main ()
| {
| return f != _doprnt;
|   ;
|   return 0;
| }
configure:7330: result: no
configure:7348: checking for usleep
configure:7398: gcc -o conftest -g -O2   -fpermissive   conftest.c  -lSM -lICE -lXpm -lXext -lX11    >&5
cc1: warning: command line option '-fpermissive' is valid for C++/ObjC++ but not for C [enabled by default]
configure:7401: $? = 0
configure:7404: test -s conftest
configure:7407: $? = 0
configure:7418: result: yes
configure:7566: creating ./config.status

## ---------------------- ##
## Running config.status. ##
## ---------------------- ##

This file was extended by config.status, which was
generated by GNU Autoconf 2.57.  Invocation command line was

  CONFIG_FILES    = 
  CONFIG_HEADERS  = 
  CONFIG_LINKS    = 
  CONFIG_COMMANDS = 
  $ ./config.status 

on mvardar-ThinkPad-X200s

config.status:681: creating Makefile
config.status:681: creating src/Makefile
config.status:681: creating src/bitmaps/Makefile
config.status:681: creating images/Makefile
config.status:681: creating sounds/Makefile
config.status:681: creating doc/Makefile
config.status:681: creating man/Makefile
config.status:681: creating rc/Makefile
config.status:681: creating rc/system.qvwmrc
config.status:681: creating rc/kanji.qvwmrc
config.status:681: creating rc/french.qvwmrc
config.status:681: creating rc/korean.qvwmrc
config.status:681: creating rc/german.qvwmrc
config.status:681: creating rc/portuguese.qvwmrc
config.status:681: creating rc/italian.qvwmrc
config.status:681: creating rc/light.qvwmrc
config.status:785: creating config.h
config.status:969: linking ./man/qvwm.man to man/qvwm.1x
config.status:1115: executing default-1 commands

## ---------------- ##
## Cache variables. ##
## ---------------- ##

ac_cv_c_compiler_gnu=yes
ac_cv_cxx_compiler_gnu=yes
ac_cv_env_CC_set=
ac_cv_env_CC_value=
ac_cv_env_CFLAGS_set=
ac_cv_env_CFLAGS_value=
ac_cv_env_CPPFLAGS_set=
ac_cv_env_CPPFLAGS_value=
ac_cv_env_CPP_set=
ac_cv_env_CPP_value=
ac_cv_env_CXXFLAGS_set=
ac_cv_env_CXXFLAGS_value=
ac_cv_env_CXX_set=
ac_cv_env_CXX_value=
ac_cv_env_LDFLAGS_set=
ac_cv_env_LDFLAGS_value=
ac_cv_env_build_alias_set=
ac_cv_env_build_alias_value=
ac_cv_env_host_alias_set=
ac_cv_env_host_alias_value=
ac_cv_env_target_alias_set=
ac_cv_env_target_alias_value=
ac_cv_exeext=
ac_cv_func__doprnt=no
ac_cv_func_connect=yes
ac_cv_func_fork=yes
ac_cv_func_fork_works=yes
ac_cv_func_gethostbyname=yes
ac_cv_func_remove=yes
ac_cv_func_shmat=yes
ac_cv_func_usleep=yes
ac_cv_func_vfork=yes
ac_cv_func_vfork_works=yes
ac_cv_func_vprintf=yes
ac_cv_have_x='have_x=yes 		ac_x_includes= ac_x_libraries='
ac_cv_header_inttypes_h=yes
ac_cv_header_memory_h=yes
ac_cv_header_stdc=yes
ac_cv_header_stdint_h=yes
ac_cv_header_stdlib_h=yes
ac_cv_header_string_h=yes
ac_cv_header_strings_h=yes
ac_cv_header_sys_stat_h=yes
ac_cv_header_sys_types_h=yes
ac_cv_header_unistd_h=yes
ac_cv_header_vfork_h=no
ac_cv_lib_ICE_IceConnectionNumber=yes
ac_cv_lib_SM_SmcOpenConnection=yes
ac_cv_lib_X11_XOpenDisplay=yes
ac_cv_lib_X11__Xsetlocale=no
ac_cv_lib_Xext_XShapeCombineMask=yes
ac_cv_lib_Xpm_XpmReadFileToPixmap=yes
ac_cv_lib_Xss_XScreenSaverQueryExtension=no
ac_cv_lib_asound_snd_cards=no
ac_cv_lib_fl_yywrap=yes
ac_cv_lib_xpg4_setlocale=no
ac_cv_objext=o
ac_cv_path_ESD_CONFIG=no
ac_cv_path_IMLIB_CONFIG=no
ac_cv_path_PATH_RM=/bin/rm
ac_cv_path_install='/usr/bin/install -c'
ac_cv_prog_CPP='gcc -E'
ac_cv_prog_LEX=flex
ac_cv_prog_YACC='bison -y'
ac_cv_prog_ac_ct_CC=gcc
ac_cv_prog_ac_ct_CXX=g++
ac_cv_prog_cc_g=yes
ac_cv_prog_cc_stdc=
ac_cv_prog_cxx_g=yes
ac_cv_prog_egrep='grep -E'
ac_cv_prog_lex_root=lex.yy
ac_cv_prog_lex_yytext_pointer=yes
ac_cv_prog_make_make_set=yes
ac_cv_type_pid_t=yes
ac_cv_type_size_t=yes
qvwm_cv_gcc_fpermissive=yes

## ----------------- ##
## Output variables. ##
## ----------------- ##

ACLOCAL='aclocal'
AUTOCONF='autoconf'
AUTOHEADER='autoheader'
AUTOMAKE='automake'
CC='gcc'
CFLAGS='-g -O2   -fpermissive'
CPP='gcc -E'
CPPFLAGS=''
CXX='g++'
CXXFLAGS='-g -O2   -fpermissive'
DEFS='-DHAVE_CONFIG_H'
ECHO_C=''
ECHO_N='-n'
ECHO_T=''
EGREP='grep -E'
ESD_CFLAGS=''
ESD_CONFIG='no'
ESD_LIBS=''
EXEEXT=''
IMGDIR='/usr/local/share/qvwm/images'
IMLIB_CFLAGS=''
IMLIB_CONFIG='no'
IMLIB_LIBS=''
INSTALL_DATA='${INSTALL} -m 644'
INSTALL_PROGRAM='${INSTALL}'
INSTALL_SCRIPT='${INSTALL}'
LDFLAGS=''
LEX='flex'
LEXLIB='-lfl'
LEX_OUTPUT_ROOT='lex.yy'
LIBOBJS=''
LIBS=' -lSM -lICE -lXpm -lXext -lX11   '
LN_S='ln -s'
LTLIBOBJS=''
MAINT='#'
MAINTAINER_MODE_FALSE=''
MAINTAINER_MODE_TRUE='#'
MAKEINFO='/Projects/qvwm/missing makeinfo'
OBJEXT='o'
PACKAGE='qvwm'
PACKAGE_BUGREPORT=''
PACKAGE_NAME=''
PACKAGE_STRING=''
PACKAGE_TARNAME=''
PACKAGE_VERSION=''
PATH_RM='/bin/rm'
PATH_SEPARATOR=':'
QVWMDIR='/usr/local/share/qvwm'
SET_MAKE=''
SHELL='/bin/bash'
SNDDIR='/usr/local/share/qvwm/sounds'
VERSION='1.1.12'
X_CFLAGS=''
X_EXTRA_LIBS=''
X_LIBS='-lXpm -lXext -lX11 '
X_PRE_LIBS=' -lSM -lICE'
YACC='bison -y'
ac_ct_CC='gcc'
ac_ct_CXX='g++'
bindir='${exec_prefix}/bin'
build_alias=''
datadir='${prefix}/share'
exec_prefix='${prefix}'
host_alias=''
includedir='${prefix}/include'
infodir='${prefix}/info'
libdir='${exec_prefix}/lib'
libexecdir='${exec_prefix}/libexec'
localstatedir='${prefix}/var'
mandir='${prefix}/man'
oldincludedir='/usr/include'
prefix='/usr/local'
program_transform_name='s,x,x,'
sbindir='${exec_prefix}/sbin'
sharedstatedir='${prefix}/com'
sysconfdir='${prefix}/etc'
target_alias=''

## ----------- ##
## confdefs.h. ##
## ----------- ##

#define ALLOW_RMTCMD 1
#define HAVE_FORK 1
#define HAVE_INTTYPES_H 1
#define HAVE_MEMORY_H 1
#define HAVE_STDINT_H 1
#define HAVE_STDLIB_H 1
#define HAVE_STRINGS_H 1
#define HAVE_STRING_H 1
#define HAVE_SYS_STAT_H 1
#define HAVE_SYS_TYPES_H 1
#define HAVE_UNISTD_H 1
#define HAVE_UNISTD_H 1
#define HAVE_USLEEP 1
#define HAVE_VFORK 1
#define HAVE_VPRINTF 1
#define HAVE_WORKING_FORK 1
#define HAVE_WORKING_VFORK 1
#define PACKAGE "qvwm"
#define PACKAGE_BUGREPORT ""
#define PACKAGE_NAME ""
#define PACKAGE_STRING ""
#define PACKAGE_TARNAME ""
#define PACKAGE_VERSION ""
#define STDC_HEADERS 1
#define USE_SHAPE 1
#define USE_SS 1
#define USE_XSMP 1
#define VERSION "1.1.12"
#define YYTEXT_POINTER 1
#endif
#ifdef __cplusplus
#include <stdlib.h>

configure: exit 0
